mode: atomic
markupmarkdown/cmd/migrate-private/main.go:32.13,36.15 3 0
markupmarkdown/cmd/migrate-private/main.go:36.15,38.3 1 0
markupmarkdown/cmd/migrate-private/main.go:39.2,40.16 2 0
markupmarkdown/cmd/migrate-private/main.go:40.16,42.3 1 0
markupmarkdown/cmd/migrate-private/main.go:44.2,45.16 2 0
markupmarkdown/cmd/migrate-private/main.go:45.16,47.3 1 0
markupmarkdown/cmd/migrate-private/main.go:48.2,53.16 5 0
markupmarkdown/cmd/migrate-private/main.go:53.16,55.3 1 0
markupmarkdown/cmd/migrate-private/main.go:57.2,58.25 2 0
markupmarkdown/cmd/migrate-private/main.go:58.25,59.37 1 0
markupmarkdown/cmd/migrate-private/main.go:59.37,61.12 2 0
markupmarkdown/cmd/migrate-private/main.go:63.3,64.10 2 0
markupmarkdown/cmd/migrate-private/main.go:64.10,66.12 2 0
markupmarkdown/cmd/migrate-private/main.go:68.3,75.9 4 0
markupmarkdown/cmd/migrate-private/main.go:75.9,77.12 2 0
markupmarkdown/cmd/migrate-private/main.go:79.3,79.36 1 0
markupmarkdown/cmd/migrate-private/main.go:79.36,82.12 3 0
markupmarkdown/cmd/migrate-private/main.go:86.3,95.20 1 0
markupmarkdown/cmd/migrate-private/main.go:95.20,97.12 2 0
markupmarkdown/cmd/migrate-private/main.go:99.3,100.63 2 0
markupmarkdown/cmd/migrate-private/main.go:103.2,104.40 1 0
markupmarkdown/cmd/migrate-private/main.go:107.52,112.16 5 0
markupmarkdown/cmd/migrate-private/main.go:112.16,114.3 1 0
markupmarkdown/cmd/migrate-private/main.go:115.2,116.73 2 0
markupmarkdown/cmd/migrate-private/main.go:119.78,121.42 2 0
markupmarkdown/cmd/migrate-private/main.go:121.42,123.3 1 0
markupmarkdown/cmd/migrate-private/main.go:124.2,125.42 2 0
markupmarkdown/cmd/migrate-private/main.go:125.42,127.3 1 0
markupmarkdown/cmd/migrate-private/main.go:128.2,128.73 1 0
markupmarkdown/cmd/markupmarkdown/main.go:25.48,28.34 3 0
markupmarkdown/cmd/markupmarkdown/main.go:28.34,30.14 2 0
markupmarkdown/cmd/markupmarkdown/main.go:30.14,31.12 1 0
markupmarkdown/cmd/markupmarkdown/main.go:33.3,34.47 2 0
markupmarkdown/cmd/markupmarkdown/main.go:34.47,35.12 1 0
markupmarkdown/cmd/markupmarkdown/main.go:37.3,38.19 2 0
markupmarkdown/cmd/markupmarkdown/main.go:40.2,40.12 1 0
markupmarkdown/cmd/markupmarkdown/main.go:43.13,47.15 3 0
markupmarkdown/cmd/markupmarkdown/main.go:47.15,49.3 1 0
markupmarkdown/cmd/markupmarkdown/main.go:51.2,52.22 2 0
markupmarkdown/cmd/markupmarkdown/main.go:52.22,54.3 1 0
markupmarkdown/cmd/markupmarkdown/main.go:55.2,56.16 2 0
markupmarkdown/cmd/markupmarkdown/main.go:56.16,58.3 1 0
markupmarkdown/cmd/markupmarkdown/main.go:60.2,64.16 4 0
markupmarkdown/cmd/markupmarkdown/main.go:64.16,66.3 1 0
markupmarkdown/cmd/markupmarkdown/main.go:67.2,67.15 1 0
markupmarkdown/cmd/markupmarkdown/main.go:67.15,71.3 3 0
markupmarkdown/cmd/markupmarkdown/main.go:72.2,76.16 4 0
markupmarkdown/cmd/markupmarkdown/main.go:76.16,78.3 1 0
markupmarkdown/cmd/markupmarkdown/main.go:79.2,87.34 5 0
markupmarkdown/cmd/markupmarkdown/main.go:87.34,95.3 2 0
markupmarkdown/cmd/markupmarkdown/main.go:97.2,110.12 3 0
markupmarkdown/cmd/markupmarkdown/main.go:110.12,112.77 2 0
markupmarkdown/cmd/markupmarkdown/main.go:112.77,114.4 1 0
markupmarkdown/cmd/markupmarkdown/main.go:117.2,124.23 7 0
markupmarkdown/internal/limits/limits.go:25.33,26.72 1 5
markupmarkdown/internal/limits/limits.go:26.72,28.3 1 0
markupmarkdown/internal/limits/limits.go:29.2,29.55 1 5
markupmarkdown/internal/limits/limits.go:29.55,34.47 1 3
markupmarkdown/internal/limits/limits.go:34.47,36.4 1 1
markupmarkdown/internal/limits/limits.go:37.3,37.32 1 2
markupmarkdown/internal/limits/limits.go:39.2,39.65 1 2
markupmarkdown/internal/limits/limits.go:39.65,41.3 1 1
markupmarkdown/internal/limits/limits.go:42.2,42.21 1 1
markupmarkdown/internal/limits/limits.go:58.54,66.2 3 3
markupmarkdown/internal/limits/limits.go:69.41,72.9 3 57
markupmarkdown/internal/limits/limits.go:72.9,75.3 2 4
markupmarkdown/internal/limits/limits.go:76.2,78.22 3 57
markupmarkdown/internal/limits/limits.go:81.23,84.23 3 3
markupmarkdown/internal/limits/limits.go:84.23,86.31 2 0
markupmarkdown/internal/limits/limits.go:86.31,87.40 1 0
markupmarkdown/internal/limits/limits.go:87.40,89.5 1 0
markupmarkdown/internal/limits/limits.go:91.3,91.16 1 0
markupmarkdown/internal/limits/limits.go:105.45,107.2 1 2
markupmarkdown/internal/limits/limits.go:110.46,113.28 3 8
markupmarkdown/internal/limits/limits.go:113.28,115.3 1 1
markupmarkdown/internal/limits/limits.go:116.2,116.30 1 7
markupmarkdown/internal/limits/limits.go:116.30,118.3 1 1
markupmarkdown/internal/limits/limits.go:119.2,121.16 3 6
markupmarkdown/internal/limits/limits.go:121.16,125.24 4 2
markupmarkdown/internal/limits/limits.go:125.24,127.4 1 2
markupmarkdown/internal/limits/limits.go:128.3,128.16 1 2
markupmarkdown/internal/limits/limits.go:139.54,141.2 1 2
markupmarkdown/internal/limits/limits.go:144.54,147.29 3 6
markupmarkdown/internal/limits/limits.go:147.29,149.3 1 1
markupmarkdown/internal/limits/limits.go:150.2,151.16 2 5
markupmarkdown/internal/limits/limits.go:151.16,154.23 3 2
markupmarkdown/internal/limits/limits.go:154.23,156.4 1 0
markupmarkdown/internal/limits/limits.go:157.3,157.16 1 2
markupmarkdown/internal/mcpserver/handlers_extra.go:18.29,26.2 1 1
markupmarkdown/internal/mcpserver/handlers_extra.go:28.103,30.62 2 0
markupmarkdown/internal/mcpserver/handlers_extra.go:30.62,32.3 1 0
markupmarkdown/internal/mcpserver/handlers_extra.go:33.2,35.34 3 0
markupmarkdown/internal/mcpserver/handlers_extra.go:35.34,37.3 1 0
markupmarkdown/internal/mcpserver/handlers_extra.go:38.2,39.16 2 0
markupmarkdown/internal/mcpserver/handlers_extra.go:39.16,41.3 1 0
markupmarkdown/internal/mcpserver/handlers_extra.go:42.2,50.4 2 0
markupmarkdown/internal/mcpserver/handlers_extra.go:55.27,62.2 1 1
markupmarkdown/internal/mcpserver/handlers_extra.go:64.101,66.62 2 0
markupmarkdown/internal/mcpserver/handlers_extra.go:66.62,68.3 1 0
markupmarkdown/internal/mcpserver/handlers_extra.go:69.2,70.17 2 0
markupmarkdown/internal/mcpserver/handlers_extra.go:70.17,72.3 1 0
markupmarkdown/internal/mcpserver/handlers_extra.go:73.2,73.39 1 0
markupmarkdown/internal/mcpserver/handlers_extra.go:73.39,75.3 1 0
markupmarkdown/internal/mcpserver/handlers_extra.go:76.2,77.9 2 0
markupmarkdown/internal/mcpserver/handlers_extra.go:77.9,79.3 1 0
markupmarkdown/internal/mcpserver/handlers_extra.go:80.2,82.16 3 0
markupmarkdown/internal/mcpserver/handlers_extra.go:82.16,84.3 1 0
markupmarkdown/internal/mcpserver/handlers_extra.go:85.2,86.24 2 0
markupmarkdown/internal/mcpserver/handlers_extra.go:91.33,104.2 1 1
markupmarkdown/internal/mcpserver/handlers_extra.go:106.107,108.62 2 0
markupmarkdown/internal/mcpserver/handlers_extra.go:108.62,110.3 1 0
markupmarkdown/internal/mcpserver/handlers_extra.go:111.2,112.15 2 0
markupmarkdown/internal/mcpserver/handlers_extra.go:112.15,114.3 1 0
markupmarkdown/internal/mcpserver/handlers_extra.go:115.2,124.16 3 0
markupmarkdown/internal/mcpserver/handlers_extra.go:124.16,126.3 1 0
markupmarkdown/internal/mcpserver/handlers_extra.go:127.2,128.14 2 0
markupmarkdown/internal/mcpserver/handlers_extra.go:128.14,130.3 1 0
markupmarkdown/internal/mcpserver/handlers_extra.go:131.2,132.22 2 0
markupmarkdown/internal/mcpserver/handlers_extra.go:137.26,151.2 1 1
markupmarkdown/internal/mcpserver/handlers_extra.go:153.100,155.62 2 0
markupmarkdown/internal/mcpserver/handlers_extra.go:155.62,157.3 1 0
markupmarkdown/internal/mcpserver/handlers_extra.go:158.2,159.17 2 0
markupmarkdown/internal/mcpserver/handlers_extra.go:159.17,161.3 1 0
markupmarkdown/internal/mcpserver/handlers_extra.go:162.2,170.16 3 0
markupmarkdown/internal/mcpserver/handlers_extra.go:170.16,172.3 1 0
markupmarkdown/internal/mcpserver/handlers_extra.go:173.2,174.24 2 0
markupmarkdown/internal/mcpserver/handlers_extra.go:179.35,184.2 1 1
markupmarkdown/internal/mcpserver/handlers_extra.go:186.109,189.17 3 0
markupmarkdown/internal/mcpserver/handlers_extra.go:189.17,191.3 1 0
markupmarkdown/internal/mcpserver/handlers_extra.go:192.2,193.16 2 0
markupmarkdown/internal/mcpserver/handlers_extra.go:193.16,195.3 1 0
markupmarkdown/internal/mcpserver/handlers_extra.go:196.2,196.26 1 0
markupmarkdown/internal/mcpserver/handlers_extra.go:201.35,206.2 1 1
markupmarkdown/internal/mcpserver/handlers_extra.go:208.109,210.62 2 0
markupmarkdown/internal/mcpserver/handlers_extra.go:210.62,212.3 1 0
markupmarkdown/internal/mcpserver/handlers_extra.go:213.2,214.15 2 0
markupmarkdown/internal/mcpserver/handlers_extra.go:214.15,216.3 1 0
markupmarkdown/internal/mcpserver/handlers_extra.go:217.2,217.66 1 0
markupmarkdown/internal/mcpserver/handlers_extra.go:217.66,219.3 1 0
markupmarkdown/internal/mcpserver/handlers_extra.go:220.2,221.54 2 0
markupmarkdown/internal/mcpserver/server.go:163.62,190.2 18 1
markupmarkdown/internal/mcpserver/server.go:194.54,195.71 1 4
markupmarkdown/internal/mcpserver/server.go:195.71,197.39 2 4
markupmarkdown/internal/mcpserver/server.go:197.39,200.4 2 2
markupmarkdown/internal/mcpserver/server.go:201.3,203.32 3 2
markupmarkdown/internal/mcpserver/server.go:203.32,206.4 2 1
markupmarkdown/internal/mcpserver/server.go:207.3,208.40 2 1
markupmarkdown/internal/mcpserver/server.go:228.88,230.16 2 29
markupmarkdown/internal/mcpserver/server.go:230.16,232.3 1 2
markupmarkdown/internal/mcpserver/server.go:233.2,233.28 1 29
markupmarkdown/internal/mcpserver/server.go:233.28,235.3 1 23
markupmarkdown/internal/mcpserver/server.go:236.2,237.19 2 6
markupmarkdown/internal/mcpserver/server.go:241.77,243.2 1 39
markupmarkdown/internal/mcpserver/server.go:244.61,247.2 2 39
markupmarkdown/internal/mcpserver/server.go:251.53,253.16 2 13
markupmarkdown/internal/mcpserver/server.go:253.16,255.3 1 0
markupmarkdown/internal/mcpserver/server.go:256.2,256.46 1 13
markupmarkdown/internal/mcpserver/server.go:258.75,260.2 1 29
markupmarkdown/internal/mcpserver/server.go:264.30,269.2 1 2
markupmarkdown/internal/mcpserver/server.go:271.104,275.16 4 3
markupmarkdown/internal/mcpserver/server.go:275.16,277.3 1 1
markupmarkdown/internal/mcpserver/server.go:278.2,287.25 3 2
markupmarkdown/internal/mcpserver/server.go:287.25,292.3 1 3
markupmarkdown/internal/mcpserver/server.go:293.2,293.24 1 2
markupmarkdown/internal/mcpserver/server.go:296.28,301.2 1 2
markupmarkdown/internal/mcpserver/server.go:303.102,306.17 3 3
markupmarkdown/internal/mcpserver/server.go:306.17,308.3 1 1
markupmarkdown/internal/mcpserver/server.go:309.2,310.16 2 2
markupmarkdown/internal/mcpserver/server.go:310.16,312.3 1 1
markupmarkdown/internal/mcpserver/server.go:313.2,313.16 1 1
markupmarkdown/internal/mcpserver/server.go:313.16,315.3 1 0
markupmarkdown/internal/mcpserver/server.go:316.2,332.4 2 1
markupmarkdown/internal/mcpserver/server.go:335.34,342.2 1 2
markupmarkdown/internal/mcpserver/server.go:344.108,347.17 3 6
markupmarkdown/internal/mcpserver/server.go:347.17,349.3 1 1
markupmarkdown/internal/mcpserver/server.go:350.2,350.88 1 5
markupmarkdown/internal/mcpserver/server.go:350.88,352.3 1 1
markupmarkdown/internal/mcpserver/server.go:353.2,356.16 4 4
markupmarkdown/internal/mcpserver/server.go:356.16,358.3 1 1
markupmarkdown/internal/mcpserver/server.go:359.2,360.29 2 3
markupmarkdown/internal/mcpserver/server.go:360.29,361.17 1 5
markupmarkdown/internal/mcpserver/server.go:362.15,363.18 1 2
markupmarkdown/internal/mcpserver/server.go:363.18,363.28 1 1
markupmarkdown/internal/mcpserver/server.go:364.19,365.19 1 2
markupmarkdown/internal/mcpserver/server.go:365.19,365.29 1 1
markupmarkdown/internal/mcpserver/server.go:367.3,367.17 1 3
markupmarkdown/internal/mcpserver/server.go:367.17,369.29 2 1
markupmarkdown/internal/mcpserver/server.go:369.29,371.5 1 1
markupmarkdown/internal/mcpserver/server.go:373.3,373.23 1 3
markupmarkdown/internal/mcpserver/server.go:375.2,375.24 1 3
markupmarkdown/internal/mcpserver/server.go:378.32,390.2 1 2
markupmarkdown/internal/mcpserver/server.go:392.106,394.62 2 7
markupmarkdown/internal/mcpserver/server.go:394.62,396.3 1 1
markupmarkdown/internal/mcpserver/server.go:397.2,397.41 1 6
markupmarkdown/internal/mcpserver/server.go:397.41,399.3 1 1
markupmarkdown/internal/mcpserver/server.go:400.2,404.47 5 5
markupmarkdown/internal/mcpserver/server.go:404.47,406.3 1 1
markupmarkdown/internal/mcpserver/server.go:407.2,407.26 1 4
markupmarkdown/internal/mcpserver/server.go:407.26,409.3 1 1
markupmarkdown/internal/mcpserver/server.go:410.2,411.16 2 3
markupmarkdown/internal/mcpserver/server.go:411.16,413.3 1 1
markupmarkdown/internal/mcpserver/server.go:414.2,415.16 2 2
markupmarkdown/internal/mcpserver/server.go:415.16,417.3 1 1
markupmarkdown/internal/mcpserver/server.go:418.2,419.22 2 1
markupmarkdown/internal/mcpserver/server.go:422.27,428.2 1 2
markupmarkdown/internal/mcpserver/server.go:430.101,432.62 2 5
markupmarkdown/internal/mcpserver/server.go:432.62,434.3 1 0
markupmarkdown/internal/mcpserver/server.go:435.2,435.41 1 5
markupmarkdown/internal/mcpserver/server.go:435.41,437.3 1 1
markupmarkdown/internal/mcpserver/server.go:438.2,440.29 3 4
markupmarkdown/internal/mcpserver/server.go:440.29,442.3 1 1
markupmarkdown/internal/mcpserver/server.go:443.2,444.16 2 3
markupmarkdown/internal/mcpserver/server.go:444.16,446.3 1 1
markupmarkdown/internal/mcpserver/server.go:447.2,448.16 2 2
markupmarkdown/internal/mcpserver/server.go:448.16,450.3 1 1
markupmarkdown/internal/mcpserver/server.go:451.2,452.14 2 1
markupmarkdown/internal/mcpserver/server.go:452.14,454.3 1 1
markupmarkdown/internal/mcpserver/server.go:455.2,456.22 2 1
markupmarkdown/internal/mcpserver/server.go:459.29,464.2 1 2
markupmarkdown/internal/mcpserver/server.go:466.103,468.62 2 4
markupmarkdown/internal/mcpserver/server.go:468.62,470.3 1 1
markupmarkdown/internal/mcpserver/server.go:471.2,472.15 2 3
markupmarkdown/internal/mcpserver/server.go:472.15,474.3 1 1
markupmarkdown/internal/mcpserver/server.go:475.2,476.16 2 2
markupmarkdown/internal/mcpserver/server.go:476.16,478.3 1 1
markupmarkdown/internal/mcpserver/server.go:479.2,480.14 2 1
markupmarkdown/internal/mcpserver/server.go:480.14,482.3 1 1
markupmarkdown/internal/mcpserver/server.go:483.2,484.22 2 1
markupmarkdown/internal/mcpserver/server.go:487.28,492.2 1 2
markupmarkdown/internal/mcpserver/server.go:494.102,496.62 2 3
markupmarkdown/internal/mcpserver/server.go:496.62,498.3 1 1
markupmarkdown/internal/mcpserver/server.go:499.2,500.15 2 2
markupmarkdown/internal/mcpserver/server.go:500.15,502.3 1 1
markupmarkdown/internal/mcpserver/server.go:503.2,504.16 2 1
markupmarkdown/internal/mcpserver/server.go:504.16,506.3 1 0
markupmarkdown/internal/mcpserver/server.go:507.2,508.14 2 1
markupmarkdown/internal/mcpserver/server.go:508.14,510.3 1 1
markupmarkdown/internal/mcpserver/server.go:511.2,512.22 2 1
markupmarkdown/internal/mcpserver/server.go:515.28,524.2 1 2
markupmarkdown/internal/mcpserver/server.go:526.102,529.17 3 7
markupmarkdown/internal/mcpserver/server.go:529.17,531.3 1 1
markupmarkdown/internal/mcpserver/server.go:532.2,537.12 4 6
markupmarkdown/internal/mcpserver/server.go:537.12,539.3 1 2
markupmarkdown/internal/mcpserver/server.go:540.2,540.49 1 6
markupmarkdown/internal/mcpserver/server.go:540.49,542.3 1 1
markupmarkdown/internal/mcpserver/server.go:545.2,545.40 1 5
markupmarkdown/internal/mcpserver/server.go:545.40,547.3 1 1
markupmarkdown/internal/mcpserver/server.go:548.2,549.9 2 4
markupmarkdown/internal/mcpserver/server.go:549.9,551.3 1 1
markupmarkdown/internal/mcpserver/server.go:552.2,555.16 3 3
markupmarkdown/internal/mcpserver/server.go:555.16,557.3 1 1
markupmarkdown/internal/mcpserver/server.go:558.2,559.12 2 2
markupmarkdown/internal/mcpserver/server.go:559.12,561.3 1 1
markupmarkdown/internal/mcpserver/server.go:562.2,563.24 2 2
markupmarkdown/internal/models/models.go:220.55,223.2 2 12
markupmarkdown/internal/safefetch/safefetch.go:36.46,38.22 2 1
markupmarkdown/internal/safefetch/safefetch.go:38.22,40.17 2 10
markupmarkdown/internal/safefetch/safefetch.go:40.17,41.14 1 0
markupmarkdown/internal/safefetch/safefetch.go:43.3,43.23 1 10
markupmarkdown/internal/safefetch/safefetch.go:45.2,45.12 1 1
markupmarkdown/internal/safefetch/safefetch.go:48.32,49.15 1 17
markupmarkdown/internal/safefetch/safefetch.go:49.15,51.3 1 1
markupmarkdown/internal/safefetch/safefetch.go:52.2,53.76 1 16
markupmarkdown/internal/safefetch/safefetch.go:53.76,55.3 1 7
markupmarkdown/internal/safefetch/safefetch.go:56.2,56.32 1 9
markupmarkdown/internal/safefetch/safefetch.go:56.32,57.21 1 51
markupmarkdown/internal/safefetch/safefetch.go:57.21,59.4 1 6
markupmarkdown/internal/safefetch/safefetch.go:61.2,61.14 1 3
markupmarkdown/internal/safefetch/safefetch.go:66.83,68.16 2 2
markupmarkdown/internal/safefetch/safefetch.go:68.16,70.3 1 0
markupmarkdown/internal/safefetch/safefetch.go:71.2,72.16 2 2
markupmarkdown/internal/safefetch/safefetch.go:72.16,74.3 1 0
markupmarkdown/internal/safefetch/safefetch.go:75.2,75.19 1 2
markupmarkdown/internal/safefetch/safefetch.go:75.19,77.3 1 0
markupmarkdown/internal/safefetch/safefetch.go:78.2,78.25 1 2
markupmarkdown/internal/safefetch/safefetch.go:78.25,79.20 1 2
markupmarkdown/internal/safefetch/safefetch.go:79.20,81.4 1 2
markupmarkdown/internal/safefetch/safefetch.go:83.2,84.77 2 0
markupmarkdown/internal/safefetch/safefetch.go:91.48,93.16 2 11
markupmarkdown/internal/safefetch/safefetch.go:93.16,95.3 1 1
markupmarkdown/internal/safefetch/safefetch.go:96.2,96.47 1 10
markupmarkdown/internal/safefetch/safefetch.go:96.47,98.3 1 5
markupmarkdown/internal/safefetch/safefetch.go:99.2,99.19 1 5
markupmarkdown/internal/safefetch/safefetch.go:99.19,101.3 1 1
markupmarkdown/internal/safefetch/safefetch.go:102.2,102.18 1 4
markupmarkdown/internal/safefetch/safefetch.go:102.18,104.3 1 1
markupmarkdown/internal/safefetch/safefetch.go:105.2,105.15 1 3
markupmarkdown/internal/safefetch/safefetch.go:112.49,124.69 2 4
markupmarkdown/internal/safefetch/safefetch.go:124.69,125.21 1 2
markupmarkdown/internal/safefetch/safefetch.go:125.21,127.5 1 1
markupmarkdown/internal/safefetch/safefetch.go:128.4,128.59 1 1
markupmarkdown/internal/safefetch/safefetch.go:128.59,130.5 1 1
markupmarkdown/internal/safefetch/safefetch.go:131.4,131.14 1 0
markupmarkdown/internal/testutil/fixtures.go:19.62,33.73 4 0
markupmarkdown/internal/testutil/fixtures.go:33.73,35.3 1 0
markupmarkdown/internal/testutil/fixtures.go:36.2,36.10 1 0
markupmarkdown/internal/testutil/fixtures.go:41.74,50.17 4 0
markupmarkdown/internal/testutil/fixtures.go:50.17,52.3 1 0
markupmarkdown/internal/testutil/fixtures.go:53.2,53.11 1 0
markupmarkdown/internal/testutil/fixtures.go:57.54,59.2 1 0
markupmarkdown/internal/testutil/fixtures.go:64.116,76.69 4 0
markupmarkdown/internal/testutil/fixtures.go:76.69,78.3 1 0
markupmarkdown/internal/testutil/fixtures.go:79.2,79.23 1 0
markupmarkdown/internal/testutil/fixtures.go:83.94,85.19 2 0
markupmarkdown/internal/testutil/fixtures.go:85.19,87.3 1 0
markupmarkdown/internal/testutil/fixtures.go:88.2,98.67 3 0
markupmarkdown/internal/testutil/fixtures.go:98.67,100.3 1 0
markupmarkdown/internal/testutil/fixtures.go:101.2,101.10 1 0
markupmarkdown/internal/testutil/fixtures.go:106.106,108.18 2 0
markupmarkdown/internal/testutil/fixtures.go:108.18,110.3 1 0
markupmarkdown/internal/testutil/fixtures.go:111.2,111.16 1 0
markupmarkdown/internal/testutil/fixtures.go:111.16,113.3 1 0
markupmarkdown/internal/testutil/fixtures.go:114.2,127.66 3 0
markupmarkdown/internal/testutil/fixtures.go:127.66,129.3 1 0
markupmarkdown/internal/testutil/fixtures.go:130.2,130.10 1 0
markupmarkdown/internal/testutil/fixtures.go:137.62,140.2 2 0
markupmarkdown/internal/testutil/fixtures.go:144.63,147.2 2 0
markupmarkdown/internal/testutil/fixtures.go:151.47,153.2 1 0
markupmarkdown/internal/testutil/testutil.go:33.20,35.16 2 0
markupmarkdown/internal/testutil/testutil.go:35.16,37.3 1 0
markupmarkdown/internal/testutil/testutil.go:38.2,38.25 1 0
markupmarkdown/internal/testutil/testutil.go:38.25,40.45 2 0
markupmarkdown/internal/testutil/testutil.go:40.45,43.4 2 0
markupmarkdown/internal/testutil/testutil.go:45.3,46.41 2 0
markupmarkdown/internal/testutil/testutil.go:46.41,49.4 2 0
markupmarkdown/internal/testutil/testutil.go:50.3,51.20 2 0
markupmarkdown/internal/testutil/testutil.go:51.20,52.9 1 0
markupmarkdown/internal/testutil/testutil.go:54.3,54.15 1 0
markupmarkdown/internal/testutil/testutil.go:61.30,63.16 2 0
markupmarkdown/internal/testutil/testutil.go:63.16,65.3 1 0
markupmarkdown/internal/testutil/testutil.go:66.2,66.25 1 0
markupmarkdown/internal/testutil/testutil.go:66.25,70.5 1 0
markupmarkdown/internal/testutil/testutil.go:70.5,71.48 1 0
markupmarkdown/internal/testutil/testutil.go:71.48,73.5 1 0
markupmarkdown/internal/testutil/testutil.go:75.3,76.20 2 0
markupmarkdown/internal/testutil/testutil.go:76.20,77.9 1 0
markupmarkdown/internal/testutil/testutil.go:79.3,79.15 1 0
markupmarkdown/internal/testutil/testutil.go:81.2,81.11 1 0
markupmarkdown/internal/testutil/testutil.go:88.50,94.16 5 0
markupmarkdown/internal/testutil/testutil.go:94.16,96.3 1 0
markupmarkdown/internal/testutil/testutil.go:97.2,98.16 2 0
markupmarkdown/internal/testutil/testutil.go:98.16,100.3 1 0
markupmarkdown/internal/testutil/testutil.go:102.2,103.12 2 0
markupmarkdown/internal/testutil/testutil.go:109.51,111.54 2 0
markupmarkdown/internal/testutil/testutil.go:111.54,114.3 1 0
markupmarkdown/internal/testutil/testutil.go:125.61,128.28 3 0
markupmarkdown/internal/testutil/testutil.go:128.28,130.3 1 0
markupmarkdown/internal/testutil/testutil.go:132.2,133.16 2 0
markupmarkdown/internal/testutil/testutil.go:133.16,135.3 1 0
markupmarkdown/internal/testutil/testutil.go:137.2,139.20 2 0
markupmarkdown/internal/testutil/testutil.go:139.20,144.3 4 0
markupmarkdown/internal/testutil/testutil.go:145.2,145.20 1 0
markupmarkdown/internal/testutil/testutil.go:152.46,167.4 4 0
markupmarkdown/internal/testutil/testutil.go:167.4,168.59 1 0
markupmarkdown/internal/testutil/testutil.go:168.59,170.4 1 0
markupmarkdown/internal/testutil/testutil.go:176.45,179.2 2 0
markupmarkdown/internal/testutil/testutil.go:183.54,187.16 4 0
markupmarkdown/internal/testutil/testutil.go:187.16,189.3 1 0
markupmarkdown/internal/testutil/testutil.go:190.2,190.10 1 0
markupmarkdown/internal/testutil/testutil.go:199.11,201.2 1 0
markupmarkdown/internal/testutil/testutil.go:209.43,211.2 1 0
markupmarkdown/internal/secrets/vault.go:54.77,55.19 1 13
markupmarkdown/internal/secrets/vault.go:55.19,57.3 1 1
markupmarkdown/internal/secrets/vault.go:58.2,59.16 2 12
markupmarkdown/internal/secrets/vault.go:59.16,61.3 1 2
markupmarkdown/internal/secrets/vault.go:62.2,63.38 2 10
markupmarkdown/internal/secrets/vault.go:63.38,65.17 2 2
markupmarkdown/internal/secrets/vault.go:65.17,67.4 1 1
markupmarkdown/internal/secrets/vault.go:68.3,68.58 1 1
markupmarkdown/internal/secrets/vault.go:70.2,70.15 1 9
markupmarkdown/internal/secrets/vault.go:73.52,75.16 2 14
markupmarkdown/internal/secrets/vault.go:75.16,77.3 1 2
markupmarkdown/internal/secrets/vault.go:78.2,78.20 1 12
markupmarkdown/internal/secrets/vault.go:78.20,80.3 1 1
markupmarkdown/internal/secrets/vault.go:81.2,82.16 2 11
markupmarkdown/internal/secrets/vault.go:82.16,84.3 1 0
markupmarkdown/internal/secrets/vault.go:85.2,85.29 1 11
markupmarkdown/internal/secrets/vault.go:90.55,91.14 1 7
markupmarkdown/internal/secrets/vault.go:91.14,93.3 1 1
markupmarkdown/internal/secrets/vault.go:94.2,95.59 2 6
markupmarkdown/internal/secrets/vault.go:95.59,97.3 1 0
markupmarkdown/internal/secrets/vault.go:98.2,99.79 2 6
markupmarkdown/internal/secrets/vault.go:103.57,104.14 1 8
markupmarkdown/internal/secrets/vault.go:104.14,106.3 1 1
markupmarkdown/internal/secrets/vault.go:107.2,108.59 2 7
markupmarkdown/internal/secrets/vault.go:108.59,111.3 2 6
markupmarkdown/internal/secrets/vault.go:112.2,113.17 2 7
markupmarkdown/internal/secrets/vault.go:113.17,115.3 1 1
markupmarkdown/internal/secrets/vault.go:116.2,117.16 2 6
markupmarkdown/internal/secrets/vault.go:117.16,119.3 1 1
markupmarkdown/internal/secrets/vault.go:120.2,121.18 2 5
markupmarkdown/internal/secrets/vault.go:121.18,123.3 1 1
markupmarkdown/internal/secrets/vault.go:124.2,126.16 3 4
markupmarkdown/internal/secrets/vault.go:126.16,128.3 1 1
markupmarkdown/internal/secrets/vault.go:129.2,129.27 1 3
markupmarkdown/internal/secrets/vault.go:132.53,133.33 1 7
markupmarkdown/internal/secrets/vault.go:133.33,135.3 1 5
markupmarkdown/internal/secrets/vault.go:136.2,136.26 1 2
markupmarkdown/internal/secrets/vault.go:136.26,137.27 1 1
markupmarkdown/internal/secrets/vault.go:137.27,139.4 1 1
markupmarkdown/internal/secrets/vault.go:141.2,141.12 1 1
markupmarkdown/internal/secrets/vault.go:148.30,149.19 1 4
markupmarkdown/internal/secrets/vault.go:149.19,151.3 1 2
markupmarkdown/internal/secrets/vault.go:152.2,153.19 2 2
markupmarkdown/internal/secrets/vault.go:153.19,155.3 1 1
markupmarkdown/internal/secrets/vault.go:156.2,156.42 1 2
markupmarkdown/internal/ai/merger.go:72.25,73.18 1 0
markupmarkdown/internal/ai/merger.go:73.18,75.3 1 0
markupmarkdown/internal/ai/merger.go:76.2,76.35 1 0
markupmarkdown/internal/ai/merger.go:76.35,78.3 1 0
markupmarkdown/internal/ai/merger.go:79.2,79.37 1 0
markupmarkdown/internal/ai/merger.go:79.37,81.3 1 0
markupmarkdown/internal/ai/merger.go:85.2,85.60 1 0
markupmarkdown/internal/ai/merger.go:85.60,87.3 1 0
markupmarkdown/internal/ai/merger.go:90.2,90.62 1 0
markupmarkdown/internal/ai/merger.go:90.62,92.3 1 0
markupmarkdown/internal/ai/merger.go:95.2,95.58 1 0
markupmarkdown/internal/ai/merger.go:95.58,97.3 1 0
markupmarkdown/internal/ai/merger.go:99.2,121.20 8 0
markupmarkdown/internal/ai/merger.go:121.20,123.37 2 0
markupmarkdown/internal/ai/merger.go:124.35,125.53 1 0
markupmarkdown/internal/ai/merger.go:125.53,127.23 2 0
markupmarkdown/internal/ai/merger.go:127.23,128.44 1 0
markupmarkdown/internal/ai/merger.go:128.44,130.7 1 0
markupmarkdown/internal/ai/merger.go:133.30,134.33 1 0
markupmarkdown/internal/ai/merger.go:134.33,136.5 1 0
markupmarkdown/internal/ai/merger.go:137.30,138.40 1 0
markupmarkdown/internal/ai/merger.go:138.40,140.5 1 0
markupmarkdown/internal/ai/merger.go:143.2,143.37 1 0
markupmarkdown/internal/ai/merger.go:143.37,145.3 1 0
markupmarkdown/internal/ai/merger.go:147.2,148.18 2 0
markupmarkdown/internal/ai/merger.go:148.18,150.3 1 0
markupmarkdown/internal/ai/merger.go:151.2,156.8 1 0
markupmarkdown/internal/ai/merger.go:159.73,161.45 2 0
markupmarkdown/internal/ai/merger.go:161.45,163.3 1 0
markupmarkdown/internal/ai/merger.go:164.2,169.17 5 0
markupmarkdown/internal/ai/merger.go:169.17,171.3 1 0
markupmarkdown/internal/ai/merger.go:172.2,172.40 1 0
markupmarkdown/internal/ai/merger.go:172.40,176.38 4 0
markupmarkdown/internal/ai/merger.go:176.38,178.4 1 0
markupmarkdown/internal/ai/merger.go:179.3,179.33 1 0
markupmarkdown/internal/ai/merger.go:181.2,185.19 5 0
markupmarkdown/internal/ai/revisor.go:60.27,64.2 3 7
markupmarkdown/internal/ai/revisor.go:70.46,74.35 1 29
markupmarkdown/internal/ai/revisor.go:74.35,76.3 1 26
markupmarkdown/internal/ai/revisor.go:77.2,83.4 2 3
markupmarkdown/internal/ai/revisor.go:83.4,85.3 1 24
markupmarkdown/internal/ai/revisor.go:86.2,86.12 1 3
markupmarkdown/internal/ai/revisor.go:132.40,133.18 1 2
markupmarkdown/internal/ai/revisor.go:133.18,135.3 1 1
markupmarkdown/internal/ai/revisor.go:136.2,136.49 1 1
markupmarkdown/internal/ai/revisor.go:138.40,138.56 1 6
markupmarkdown/internal/ai/revisor.go:143.63,144.43 1 8
markupmarkdown/internal/ai/revisor.go:144.43,146.3 1 1
markupmarkdown/internal/ai/revisor.go:147.2,157.16 5 7
markupmarkdown/internal/ai/revisor.go:157.16,159.3 1 6
markupmarkdown/internal/ai/revisor.go:160.2,160.12 1 1
markupmarkdown/internal/ai/revisor.go:175.20,176.18 1 5
markupmarkdown/internal/ai/revisor.go:176.18,178.3 1 1
markupmarkdown/internal/ai/revisor.go:179.2,179.39 1 4
markupmarkdown/internal/ai/revisor.go:179.39,181.3 1 1
markupmarkdown/internal/ai/revisor.go:182.2,182.24 1 3
markupmarkdown/internal/ai/revisor.go:182.24,184.3 1 1
markupmarkdown/internal/ai/revisor.go:186.2,213.20 8 2
markupmarkdown/internal/ai/revisor.go:213.20,215.37 2 9
markupmarkdown/internal/ai/revisor.go:216.35,217.53 1 2
markupmarkdown/internal/ai/revisor.go:217.53,219.23 2 2
markupmarkdown/internal/ai/revisor.go:219.23,220.44 1 2
markupmarkdown/internal/ai/revisor.go:220.44,222.7 1 1
markupmarkdown/internal/ai/revisor.go:225.30,226.33 1 1
markupmarkdown/internal/ai/revisor.go:226.33,228.5 1 1
markupmarkdown/internal/ai/revisor.go:229.30,230.40 1 2
markupmarkdown/internal/ai/revisor.go:230.40,232.5 1 2
markupmarkdown/internal/ai/revisor.go:235.2,235.37 1 1
markupmarkdown/internal/ai/revisor.go:235.37,237.3 1 0
markupmarkdown/internal/ai/revisor.go:239.2,240.19 2 1
markupmarkdown/internal/ai/revisor.go:240.19,242.3 1 0
markupmarkdown/internal/ai/revisor.go:244.2,249.8 1 1
markupmarkdown/internal/ai/revisor.go:252.82,260.17 6 5
markupmarkdown/internal/ai/revisor.go:260.17,262.3 1 4
markupmarkdown/internal/ai/revisor.go:263.2,265.45 3 5
markupmarkdown/internal/ai/revisor.go:265.45,267.3 1 2
markupmarkdown/internal/ai/revisor.go:268.2,271.29 3 5
markupmarkdown/internal/ai/revisor.go:271.29,275.25 4 5
markupmarkdown/internal/ai/revisor.go:275.25,277.32 2 1
markupmarkdown/internal/ai/revisor.go:277.32,279.5 1 1
markupmarkdown/internal/ai/revisor.go:281.3,281.25 1 5
markupmarkdown/internal/ai/revisor.go:281.25,283.4 1 1
markupmarkdown/internal/ai/revisor.go:284.3,284.22 1 5
markupmarkdown/internal/ai/revisor.go:286.2,287.19 2 5
markupmarkdown/internal/ai/revisor.go:292.38,294.34 2 4
markupmarkdown/internal/ai/revisor.go:294.34,296.3 1 2
markupmarkdown/internal/ai/revisor.go:298.2,298.45 1 2
markupmarkdown/internal/ai/revisor.go:298.45,300.3 1 1
markupmarkdown/internal/ai/revisor.go:300.8,302.3 1 1
markupmarkdown/internal/ai/revisor.go:304.2,305.33 2 1
markupmarkdown/internal/ai/revisor.go:305.33,308.3 2 1
markupmarkdown/internal/ai/revisor.go:309.2,309.10 1 1
markupmarkdown/internal/ai/revisor.go:314.37,315.16 1 15
markupmarkdown/internal/ai/revisor.go:315.16,317.3 1 1
markupmarkdown/internal/ai/revisor.go:318.2,318.82 1 14
markupmarkdown/internal/ai/revisor.go:318.82,320.3 1 2
markupmarkdown/internal/ai/revisor.go:321.2,322.29 2 12
markupmarkdown/internal/ai/revisor.go:322.29,324.28 2 11
markupmarkdown/internal/ai/revisor.go:325.12,326.134 1 3
markupmarkdown/internal/ai/revisor.go:327.12,328.120 1 2
markupmarkdown/internal/ai/revisor.go:329.12,331.162 2 0
markupmarkdown/internal/ai/revisor.go:331.162,333.5 1 0
markupmarkdown/internal/ai/revisor.go:334.4,334.106 1 0
markupmarkdown/internal/ai/revisor.go:335.12,336.142 1 2
markupmarkdown/internal/ai/revisor.go:337.17,338.133 1 2
markupmarkdown/internal/ai/revisor.go:339.22,340.112 1 2
markupmarkdown/internal/ai/revisor.go:343.2,343.75 1 1
markupmarkdown/internal/httperr/httperr.go:13.23,17.2 3 4
markupmarkdown/internal/httperr/httperr.go:22.60,27.2 4 2
markupmarkdown/internal/auth/github.go:49.58,57.2 7 1
markupmarkdown/internal/auth/github.go:59.87,68.16 7 4
markupmarkdown/internal/auth/github.go:68.16,70.3 1 0
markupmarkdown/internal/auth/github.go:71.2,74.16 4 4
markupmarkdown/internal/auth/github.go:74.16,76.3 1 0
markupmarkdown/internal/auth/github.go:77.2,79.53 3 4
markupmarkdown/internal/auth/github.go:79.53,81.3 1 1
markupmarkdown/internal/auth/github.go:82.2,87.51 2 3
markupmarkdown/internal/auth/github.go:87.51,89.3 1 0
markupmarkdown/internal/auth/github.go:90.2,90.21 1 3
markupmarkdown/internal/auth/github.go:90.21,92.3 1 1
markupmarkdown/internal/auth/github.go:93.2,93.27 1 2
markupmarkdown/internal/auth/github.go:93.27,95.3 1 1
markupmarkdown/internal/auth/github.go:96.2,96.29 1 1
markupmarkdown/internal/auth/github.go:99.96,101.16 2 3
markupmarkdown/internal/auth/github.go:101.16,103.3 1 1
markupmarkdown/internal/auth/github.go:104.2,104.22 1 2
markupmarkdown/internal/auth/github.go:104.22,106.20 2 1
markupmarkdown/internal/auth/github.go:106.20,107.30 1 1
markupmarkdown/internal/auth/github.go:107.30,108.32 1 2
markupmarkdown/internal/auth/github.go:108.32,110.11 2 1
markupmarkdown/internal/auth/github.go:115.2,115.18 1 2
markupmarkdown/internal/auth/github.go:118.73,120.16 2 4
markupmarkdown/internal/auth/github.go:120.16,122.3 1 0
markupmarkdown/internal/auth/github.go:123.2,127.16 5 4
markupmarkdown/internal/auth/github.go:127.16,129.3 1 0
markupmarkdown/internal/auth/github.go:130.2,131.53 2 4
markupmarkdown/internal/auth/github.go:131.53,134.3 2 1
markupmarkdown/internal/auth/github.go:135.2,136.64 2 3
markupmarkdown/internal/auth/github.go:136.64,138.3 1 0
markupmarkdown/internal/auth/github.go:139.2,139.18 1 3
markupmarkdown/internal/auth/github.go:142.32,146.2 3 5
markupmarkdown/internal/auth/github.go:153.90,157.16 3 5
markupmarkdown/internal/auth/github.go:157.16,159.3 1 0
markupmarkdown/internal/auth/github.go:160.2,165.16 6 5
markupmarkdown/internal/auth/github.go:165.16,167.3 1 0
markupmarkdown/internal/auth/github.go:168.2,169.87 2 5
markupmarkdown/internal/auth/github.go:169.87,171.3 1 2
markupmarkdown/internal/auth/github.go:172.2,172.48 1 3
markupmarkdown/internal/auth/github.go:172.48,174.3 1 1
markupmarkdown/internal/auth/github.go:175.2,175.53 1 2
markupmarkdown/internal/auth/github.go:175.53,177.3 1 1
markupmarkdown/internal/auth/github.go:178.2,178.68 1 1
markupmarkdown/internal/auth/github.go:190.37,191.20 1 2
markupmarkdown/internal/auth/github.go:191.20,193.3 1 1
markupmarkdown/internal/auth/github.go:194.2,194.61 1 1
markupmarkdown/internal/auth/github.go:199.38,201.39 2 5
markupmarkdown/internal/auth/github.go:201.39,203.3 1 2
markupmarkdown/internal/auth/github.go:204.2,204.45 1 3
markupmarkdown/internal/auth/github.go:204.45,206.38 2 5
markupmarkdown/internal/auth/github.go:206.38,208.4 1 2
markupmarkdown/internal/auth/github.go:210.2,210.11 1 1
markupmarkdown/internal/auth/github.go:226.110,231.16 3 0
markupmarkdown/internal/auth/github.go:231.16,233.3 1 0
markupmarkdown/internal/auth/github.go:234.2,234.23 1 0
markupmarkdown/internal/auth/github.go:234.23,236.3 1 0
markupmarkdown/internal/auth/github.go:237.2,241.16 5 0
markupmarkdown/internal/auth/github.go:241.16,243.3 1 0
markupmarkdown/internal/auth/github.go:244.2,246.53 3 0
markupmarkdown/internal/auth/github.go:246.53,252.3 1 0
markupmarkdown/internal/auth/github.go:253.2,259.55 2 0
markupmarkdown/internal/auth/github.go:259.55,261.3 1 0
markupmarkdown/internal/auth/github.go:262.2,262.50 1 0
markupmarkdown/internal/auth/github.go:262.50,264.3 1 0
markupmarkdown/internal/auth/github.go:265.2,266.34 2 0
markupmarkdown/internal/auth/github.go:266.34,268.40 1 0
markupmarkdown/internal/auth/github.go:268.40,269.30 1 0
markupmarkdown/internal/auth/github.go:269.30,271.5 1 0
markupmarkdown/internal/auth/github.go:272.4,272.12 1 0
markupmarkdown/internal/auth/github.go:274.3,275.17 2 0
markupmarkdown/internal/auth/github.go:275.17,277.4 1 0
markupmarkdown/internal/auth/github.go:278.3,278.28 1 0
markupmarkdown/internal/auth/github.go:280.2,280.59 1 0
markupmarkdown/internal/auth/github.go:287.106,289.16 2 0
markupmarkdown/internal/auth/github.go:289.16,291.3 1 0
markupmarkdown/internal/auth/github.go:292.2,292.22 1 0
markupmarkdown/internal/auth/github.go:314.91,318.16 3 0
markupmarkdown/internal/auth/github.go:318.16,320.3 1 0
markupmarkdown/internal/auth/github.go:321.2,321.18 1 0
markupmarkdown/internal/auth/github.go:334.97,338.16 3 0
markupmarkdown/internal/auth/github.go:338.16,340.3 1 0
markupmarkdown/internal/auth/github.go:341.2,341.28 1 0
markupmarkdown/internal/auth/github.go:348.99,356.2 3 0
markupmarkdown/internal/auth/github.go:375.133,383.19 3 0
markupmarkdown/internal/auth/github.go:383.19,385.3 1 0
markupmarkdown/internal/auth/github.go:386.2,387.70 2 0
markupmarkdown/internal/auth/github.go:387.70,389.3 1 0
markupmarkdown/internal/auth/github.go:390.2,390.18 1 0
markupmarkdown/internal/auth/github.go:402.123,412.74 4 0
markupmarkdown/internal/auth/github.go:412.74,414.3 1 0
markupmarkdown/internal/auth/github.go:415.2,415.18 1 0
markupmarkdown/internal/auth/github.go:420.83,422.2 1 0
markupmarkdown/internal/auth/github.go:423.82,425.2 1 0
markupmarkdown/internal/auth/github.go:426.91,428.16 2 0
markupmarkdown/internal/auth/github.go:428.16,430.3 1 0
markupmarkdown/internal/auth/github.go:431.2,432.16 2 0
markupmarkdown/internal/auth/github.go:432.16,434.3 1 0
markupmarkdown/internal/auth/github.go:435.2,435.17 1 0
markupmarkdown/internal/auth/github.go:435.17,437.3 1 0
markupmarkdown/internal/auth/github.go:438.2,443.16 6 0
markupmarkdown/internal/auth/github.go:443.16,445.3 1 0
markupmarkdown/internal/auth/github.go:446.2,448.53 3 0
markupmarkdown/internal/auth/github.go:448.53,454.3 1 0
markupmarkdown/internal/auth/github.go:455.2,455.16 1 0
markupmarkdown/internal/auth/github.go:455.16,456.55 1 0
markupmarkdown/internal/auth/github.go:456.55,458.4 1 0
markupmarkdown/internal/auth/github.go:460.2,460.12 1 0
markupmarkdown/internal/auth/github.go:489.89,492.2 2 0
markupmarkdown/internal/auth/github.go:522.95,526.42 4 0
markupmarkdown/internal/auth/github.go:526.42,528.34 2 0
markupmarkdown/internal/auth/github.go:528.34,530.4 1 0
markupmarkdown/internal/auth/github.go:531.3,533.17 3 0
markupmarkdown/internal/auth/github.go:533.17,535.4 1 0
markupmarkdown/internal/auth/github.go:536.3,536.39 1 0
markupmarkdown/internal/auth/github.go:536.39,537.9 1 0
markupmarkdown/internal/auth/github.go:539.3,540.28 2 0
markupmarkdown/internal/auth/github.go:540.28,541.9 1 0
markupmarkdown/internal/auth/github.go:544.2,544.17 1 0
markupmarkdown/internal/auth/github.go:554.111,557.16 2 0
markupmarkdown/internal/auth/github.go:557.16,559.3 1 0
markupmarkdown/internal/auth/github.go:561.2,561.85 1 0
markupmarkdown/internal/auth/github.go:561.85,564.18 2 0
markupmarkdown/internal/auth/github.go:564.18,566.26 2 0
markupmarkdown/internal/auth/github.go:566.26,568.5 1 0
markupmarkdown/internal/auth/github.go:569.4,569.27 1 0
markupmarkdown/internal/auth/github.go:569.27,570.20 1 0
markupmarkdown/internal/auth/github.go:570.20,572.6 1 0
markupmarkdown/internal/auth/github.go:576.2,576.17 1 0
markupmarkdown/internal/auth/github.go:583.88,586.2 1 0
markupmarkdown/internal/auth/github.go:608.114,609.15 1 0
markupmarkdown/internal/auth/github.go:609.15,611.17 2 0
markupmarkdown/internal/auth/github.go:611.17,613.4 1 0
markupmarkdown/internal/auth/github.go:614.3,615.16 2 0
markupmarkdown/internal/auth/github.go:615.16,617.4 1 0
markupmarkdown/internal/auth/github.go:622.2,623.16 2 0
markupmarkdown/internal/auth/github.go:623.16,626.108 2 0
markupmarkdown/internal/auth/github.go:626.108,628.4 1 0
markupmarkdown/internal/auth/github.go:629.3,629.25 1 0
markupmarkdown/internal/auth/github.go:631.2,634.16 3 0
markupmarkdown/internal/auth/github.go:634.16,636.3 1 0
markupmarkdown/internal/auth/github.go:637.2,638.30 2 0
markupmarkdown/internal/auth/github.go:638.30,639.23 1 0
markupmarkdown/internal/auth/github.go:639.23,640.12 1 0
markupmarkdown/internal/auth/github.go:642.3,643.73 2 0
markupmarkdown/internal/auth/github.go:643.73,645.4 1 0
markupmarkdown/internal/auth/github.go:647.2,647.33 1 0
markupmarkdown/internal/auth/github.go:654.111,656.16 2 0
markupmarkdown/internal/auth/github.go:656.16,658.3 1 0
markupmarkdown/internal/auth/github.go:659.2,660.24 2 0
markupmarkdown/internal/auth/github.go:660.24,661.37 1 0
markupmarkdown/internal/auth/github.go:661.37,663.4 1 0
markupmarkdown/internal/auth/github.go:665.2,665.17 1 0
markupmarkdown/internal/auth/github.go:671.90,673.16 2 0
markupmarkdown/internal/auth/github.go:673.16,675.3 1 0
markupmarkdown/internal/auth/github.go:676.2,676.23 1 0
markupmarkdown/internal/auth/github.go:676.23,678.3 1 0
markupmarkdown/internal/auth/github.go:679.2,683.16 5 0
markupmarkdown/internal/auth/github.go:683.16,685.3 1 0
markupmarkdown/internal/auth/github.go:686.2,688.53 3 0
markupmarkdown/internal/auth/github.go:688.53,694.3 1 0
markupmarkdown/internal/auth/github.go:695.2,696.51 2 0
markupmarkdown/internal/auth/github.go:696.51,698.3 1 0
markupmarkdown/internal/auth/github.go:699.2,699.18 1 0
markupmarkdown/internal/auth/github.go:704.110,709.16 3 2
markupmarkdown/internal/auth/github.go:709.16,711.3 1 0
markupmarkdown/internal/auth/github.go:712.2,717.16 6 2
markupmarkdown/internal/auth/github.go:717.16,719.3 1 0
markupmarkdown/internal/auth/github.go:720.2,722.53 3 2
markupmarkdown/internal/auth/github.go:722.53,728.3 1 1
markupmarkdown/internal/auth/github.go:729.2,729.26 1 1
markupmarkdown/internal/render/render.go:26.40,36.3 6 1
markupmarkdown/internal/render/render.go:41.38,42.16 1 5
markupmarkdown/internal/render/render.go:42.16,44.3 1 1
markupmarkdown/internal/render/render.go:45.2,46.62 2 4
markupmarkdown/internal/render/render.go:46.62,48.3 1 0
markupmarkdown/internal/render/render.go:49.2,49.41 1 4
markupmarkdown/internal/render/render.go:59.38,63.77 4 4
markupmarkdown/internal/render/render.go:63.77,64.16 1 52
markupmarkdown/internal/render/render.go:64.16,66.20 1 26
markupmarkdown/internal/render/render.go:69.40,70.23 1 9
markupmarkdown/internal/render/render.go:72.4,72.32 1 26
markupmarkdown/internal/render/render.go:74.3,74.24 1 26
markupmarkdown/internal/render/render.go:75.18,77.25 2 12
markupmarkdown/internal/render/render.go:77.25,79.5 1 0
markupmarkdown/internal/render/render.go:79.10,79.32 1 12
markupmarkdown/internal/render/render.go:79.32,81.5 1 0
markupmarkdown/internal/render/render.go:82.20,83.21 1 0
markupmarkdown/internal/render/render.go:84.22,84.22 0 0
markupmarkdown/internal/render/render.go:86.45,88.27 2 1
markupmarkdown/internal/render/render.go:88.27,91.5 2 2
markupmarkdown/internal/render/render.go:92.4,92.36 1 1
markupmarkdown/internal/render/render.go:93.22,94.24 1 1
markupmarkdown/internal/render/render.go:95.19,95.19 0 0
markupmarkdown/internal/render/render.go:98.3,98.31 1 25
markupmarkdown/internal/render/render.go:100.2,100.20 1 4
markupmarkdown/internal/render/render.go:105.64,106.27 1 6
markupmarkdown/internal/render/render.go:106.27,108.3 1 2
markupmarkdown/internal/render/render.go:109.2,110.25 2 4
markupmarkdown/internal/render/render.go:110.25,112.12 2 6
markupmarkdown/internal/render/render.go:112.12,114.4 1 2
markupmarkdown/internal/render/render.go:115.3,116.15 2 4
markupmarkdown/internal/render/render.go:116.15,118.4 1 2
markupmarkdown/internal/render/render.go:119.3,119.21 1 2
markupmarkdown/internal/render/render.go:121.2,121.15 1 0
markupmarkdown/internal/render/render.go:126.52,127.18 1 4
markupmarkdown/internal/render/render.go:127.18,129.3 1 1
markupmarkdown/internal/render/render.go:130.2,130.40 1 3
markupmarkdown/internal/config/config.go:41.38,43.2 1 4
markupmarkdown/internal/config/config.go:65.51,66.57 1 3
markupmarkdown/internal/config/config.go:66.57,68.3 1 1
markupmarkdown/internal/config/config.go:69.2,69.25 1 2
markupmarkdown/internal/config/config.go:74.31,76.16 2 3
markupmarkdown/internal/config/config.go:76.16,78.3 1 1
markupmarkdown/internal/config/config.go:79.2,79.15 1 2
markupmarkdown/internal/config/config.go:79.15,79.32 1 2
markupmarkdown/internal/config/config.go:80.2,81.21 2 2
markupmarkdown/internal/config/config.go:81.21,83.49 2 6
markupmarkdown/internal/config/config.go:83.49,84.12 1 2
markupmarkdown/internal/config/config.go:86.3,87.14 2 4
markupmarkdown/internal/config/config.go:87.14,88.12 1 0
markupmarkdown/internal/config/config.go:90.3,93.45 4 4
markupmarkdown/internal/config/config.go:93.45,94.12 1 1
markupmarkdown/internal/config/config.go:96.3,96.26 1 3
markupmarkdown/internal/config/config.go:102.35,103.66 1 8
markupmarkdown/internal/config/config.go:103.66,105.17 2 4
markupmarkdown/internal/config/config.go:105.17,107.4 1 0
markupmarkdown/internal/config/config.go:108.3,110.18 3 4
markupmarkdown/internal/config/config.go:110.18,112.4 1 4
markupmarkdown/internal/config/config.go:113.3,113.37 1 4
markupmarkdown/internal/config/config.go:113.37,115.4 1 1
markupmarkdown/internal/config/config.go:116.3,116.21 1 3
markupmarkdown/internal/config/config.go:120.41,122.16 2 6
markupmarkdown/internal/config/config.go:122.16,124.3 1 1
markupmarkdown/internal/config/config.go:125.2,128.55 3 5
markupmarkdown/internal/config/config.go:128.55,130.3 1 2
markupmarkdown/internal/config/config.go:132.2,132.29 1 3
markupmarkdown/internal/config/config.go:132.29,133.49 1 2
markupmarkdown/internal/config/config.go:133.49,134.57 1 1
markupmarkdown/internal/config/config.go:134.57,136.5 1 1
markupmarkdown/internal/config/config.go:138.3,138.30 1 2
markupmarkdown/internal/config/config.go:138.30,140.4 1 1
markupmarkdown/internal/config/config.go:142.2,142.18 1 3
